INFO: Reset logger
INFO: Logging to <built-in function dir>
[+] Populating TMS.
[+] Populating TMS.
27
27
100%|███████████████████████████████████████████████████████████████████████████████████████████████████████████████████████| 27/27 [00:00<00:00, 13538.10it/s]
100%|██████████████████████████████████████████████████████████████████████████████████████████████████████████████████████████| 9/9 [00:00<00:00, 9015.70it/s]
Epoch 0: 100%|████████████████████████████████████████████████████████████████████████████████████████████████████| 15/15 [00:00<00:00, 125.51it/s, loss=0.241]
Epoch 1: 100%|████████████████████████████████████████████████████████████████████████████████████████████████████| 15/15 [00:00<00:00, 128.24it/s, loss=0.301]
Epoch 2: 100%|█████████████████████████████████████████████████████████████████████████████████████████████████████| 15/15 [00:00<00:00, 95.53it/s, loss=0.347]
Epoch 3: 100%|████████████████████████████████████████████████████████████████████████████████████████████████████| 15/15 [00:00<00:00, 128.11it/s, loss=0.383]
Epoch 4: 100%|████████████████████████████████████████████████████████████████████████████████████████████████████| 15/15 [00:00<00:00, 123.05it/s, loss=0.422]
Epoch 5: 100%|████████████████████████████████████████████████████████████████████████████████████████████████████| 15/15 [00:00<00:00, 139.90it/s, loss=0.482]
Epoch 6: 100%|████████████████████████████████████████████████████████████████████████████████████████████████████| 15/15 [00:00<00:00, 143.31it/s, loss=0.538]
Epoch 7: 100%|████████████████████████████████████████████████████████████████████████████████████████████████████| 15/15 [00:00<00:00, 138.62it/s, loss=0.598]
Epoch 8: 100%|████████████████████████████████████████████████████████████████████████████████████████████████████| 15/15 [00:00<00:00, 136.83it/s, loss=0.624]
Epoch 9: 100%|████████████████████████████████████████████████████████████████████████████████████████████████████| 15/15 [00:00<00:00, 119.39it/s, loss=0.649]
Epoch 10: 100%|███████████████████████████████████████████████████████████████████████████████████████████████████| 15/15 [00:00<00:00, 138.78it/s, loss=0.691]
Epoch 11: 100%|███████████████████████████████████████████████████████████████████████████████████████████████████| 15/15 [00:00<00:00, 133.51it/s, loss=0.738]
Epoch 12: 100%|███████████████████████████████████████████████████████████████████████████████████████████████████| 15/15 [00:00<00:00, 140.76it/s, loss=0.742]
Epoch 13: 100%|████████████████████████████████████████████████████████████████████████████████████████████████████| 15/15 [00:00<00:00, 140.43it/s, loss=0.76]
Epoch 14: 100%|███████████████████████████████████████████████████████████████████████████████████████████████████| 15/15 [00:00<00:00, 121.47it/s, loss=0.782]
Epoch 15: 100%|███████████████████████████████████████████████████████████████████████████████████████████████████| 15/15 [00:00<00:00, 125.24it/s, loss=0.815]
Epoch 16: 100%|███████████████████████████████████████████████████████████████████████████████████████████████████| 15/15 [00:00<00:00, 109.35it/s, loss=0.816]
Epoch 17: 100%|███████████████████████████████████████████████████████████████████████████████████████████████████| 15/15 [00:00<00:00, 131.24it/s, loss=0.816]
Epoch 18: 100%|███████████████████████████████████████████████████████████████████████████████████████████████████| 15/15 [00:00<00:00, 127.77it/s, loss=0.833]
Epoch 19: 100%|███████████████████████████████████████████████████████████████████████████████████████████████████| 15/15 [00:00<00:00, 128.93it/s, loss=0.837]
Epoch 20: 100%|████████████████████████████████████████████████████████████████████████████████████████████████████| 15/15 [00:00<00:00, 85.72it/s, loss=0.843]
Epoch 21: 100%|███████████████████████████████████████████████████████████████████████████████████████████████████| 15/15 [00:00<00:00, 111.38it/s, loss=0.849]
Epoch 22: 100%|███████████████████████████████████████████████████████████████████████████████████████████████████| 15/15 [00:00<00:00, 122.13it/s, loss=0.834]
Epoch 23: 100%|████████████████████████████████████████████████████████████████████████████████████████████████████| 15/15 [00:00<00:00, 132.56it/s, loss=0.86]
Epoch 24: 100%|███████████████████████████████████████████████████████████████████████████████████████████████████| 15/15 [00:00<00:00, 130.96it/s, loss=0.873]
Epoch 25: 100%|███████████████████████████████████████████████████████████████████████████████████████████████████| 15/15 [00:00<00:00, 134.48it/s, loss=0.879]
Epoch 26: 100%|███████████████████████████████████████████████████████████████████████████████████████████████████| 15/15 [00:00<00:00, 142.11it/s, loss=0.864]
Epoch 27: 100%|███████████████████████████████████████████████████████████████████████████████████████████████████| 15/15 [00:00<00:00, 129.73it/s, loss=0.872]
Epoch 28: 100%|███████████████████████████████████████████████████████████████████████████████████████████████████| 15/15 [00:00<00:00, 110.13it/s, loss=0.892]
Epoch 29: 100%|███████████████████████████████████████████████████████████████████████████████████████████████████| 15/15 [00:00<00:00, 130.91it/s, loss=0.889]
Epoch 30: 100%|███████████████████████████████████████████████████████████████████████████████████████████████████| 15/15 [00:00<00:00, 138.12it/s, loss=0.869]
Epoch 31: 100%|███████████████████████████████████████████████████████████████████████████████████████████████████| 15/15 [00:00<00:00, 135.58it/s, loss=0.889]
Epoch 32: 100%|███████████████████████████████████████████████████████████████████████████████████████████████████| 15/15 [00:00<00:00, 135.53it/s, loss=0.881]
Epoch 33: 100%|███████████████████████████████████████████████████████████████████████████████████████████████████| 15/15 [00:00<00:00, 135.44it/s, loss=0.892]
Epoch 34: 100%|███████████████████████████████████████████████████████████████████████████████████████████████████| 15/15 [00:00<00:00, 139.24it/s, loss=0.887]
Epoch 35: 100%|███████████████████████████████████████████████████████████████████████████████████████████████████| 15/15 [00:00<00:00, 137.53it/s, loss=0.893]
Epoch 36: 100%|███████████████████████████████████████████████████████████████████████████████████████████████████| 15/15 [00:00<00:00, 129.89it/s, loss=0.901]
Epoch 37: 100%|███████████████████████████████████████████████████████████████████████████████████████████████████| 15/15 [00:00<00:00, 130.10it/s, loss=0.899]
Epoch 38: 100%|███████████████████████████████████████████████████████████████████████████████████████████████████| 15/15 [00:00<00:00, 136.71it/s, loss=0.908]
Epoch 39: 100%|███████████████████████████████████████████████████████████████████████████████████████████████████| 15/15 [00:00<00:00, 137.29it/s, loss=0.907]
Epoch 40: 100%|███████████████████████████████████████████████████████████████████████████████████████████████████| 15/15 [00:00<00:00, 131.67it/s, loss=0.914]
Epoch 41: 100%|███████████████████████████████████████████████████████████████████████████████████████████████████| 15/15 [00:00<00:00, 137.49it/s, loss=0.908]
Epoch 42: 100%|███████████████████████████████████████████████████████████████████████████████████████████████████| 15/15 [00:00<00:00, 112.32it/s, loss=0.922]
Epoch 43: 100%|████████████████████████████████████████████████████████████████████████████████████████████████████| 15/15 [00:00<00:00, 122.93it/s, loss=0.92]
Epoch 44: 100%|███████████████████████████████████████████████████████████████████████████████████████████████████| 15/15 [00:00<00:00, 133.18it/s, loss=0.914]
Epoch 45: 100%|███████████████████████████████████████████████████████████████████████████████████████████████████| 15/15 [00:00<00:00, 125.76it/s, loss=0.918]
Epoch 46: 100%|███████████████████████████████████████████████████████████████████████████████████████████████████| 15/15 [00:00<00:00, 126.69it/s, loss=0.912]
Epoch 47: 100%|███████████████████████████████████████████████████████████████████████████████████████████████████| 15/15 [00:00<00:00, 137.15it/s, loss=0.911]
Epoch 48: 100%|███████████████████████████████████████████████████████████████████████████████████████████████████| 15/15 [00:00<00:00, 133.93it/s, loss=0.904]
Epoch 49: 100%|███████████████████████████████████████████████████████████████████████████████████████████████████| 15/15 [00:00<00:00, 145.44it/s, loss=0.906]
Epoch 50: 100%|███████████████████████████████████████████████████████████████████████████████████████████████████| 15/15 [00:00<00:00, 126.99it/s, loss=0.915]
Epoch 51: 100%|███████████████████████████████████████████████████████████████████████████████████████████████████| 15/15 [00:00<00:00, 135.77it/s, loss=0.918]
Epoch 52: 100%|███████████████████████████████████████████████████████████████████████████████████████████████████| 15/15 [00:00<00:00, 137.32it/s, loss=0.911]
Epoch 53: 100%|███████████████████████████████████████████████████████████████████████████████████████████████████| 15/15 [00:00<00:00, 129.26it/s, loss=0.922]
Epoch 54: 100%|███████████████████████████████████████████████████████████████████████████████████████████████████| 15/15 [00:00<00:00, 133.77it/s, loss=0.903]
Epoch 55: 100%|███████████████████████████████████████████████████████████████████████████████████████████████████| 15/15 [00:00<00:00, 112.45it/s, loss=0.915]
Epoch 56: 100%|███████████████████████████████████████████████████████████████████████████████████████████████████| 15/15 [00:00<00:00, 137.23it/s, loss=0.932]
Epoch 57: 100%|███████████████████████████████████████████████████████████████████████████████████████████████████| 15/15 [00:00<00:00, 136.41it/s, loss=0.924]
Epoch 58: 100%|███████████████████████████████████████████████████████████████████████████████████████████████████| 15/15 [00:00<00:00, 127.87it/s, loss=0.928]
Epoch 59: 100%|███████████████████████████████████████████████████████████████████████████████████████████████████| 15/15 [00:00<00:00, 139.60it/s, loss=0.929]
Epoch 60: 100%|███████████████████████████████████████████████████████████████████████████████████████████████████| 15/15 [00:00<00:00, 135.20it/s, loss=0.909]
Epoch 61: 100%|███████████████████████████████████████████████████████████████████████████████████████████████████| 15/15 [00:00<00:00, 138.57it/s, loss=0.918]
Epoch 62: 100%|███████████████████████████████████████████████████████████████████████████████████████████████████| 15/15 [00:00<00:00, 132.87it/s, loss=0.924]
Epoch 63: 100%|███████████████████████████████████████████████████████████████████████████████████████████████████| 15/15 [00:00<00:00, 128.19it/s, loss=0.929]
Epoch 64: 100%|███████████████████████████████████████████████████████████████████████████████████████████████████| 15/15 [00:00<00:00, 122.80it/s, loss=0.932]
Epoch 65: 100%|███████████████████████████████████████████████████████████████████████████████████████████████████| 15/15 [00:00<00:00, 125.08it/s, loss=0.927]
Epoch 66: 100%|███████████████████████████████████████████████████████████████████████████████████████████████████| 15/15 [00:00<00:00, 132.99it/s, loss=0.924]
Epoch 67: 100%|███████████████████████████████████████████████████████████████████████████████████████████████████| 15/15 [00:00<00:00, 133.83it/s, loss=0.935]
Epoch 68: 100%|███████████████████████████████████████████████████████████████████████████████████████████████████| 15/15 [00:00<00:00, 134.17it/s, loss=0.925]
Epoch 69: 100%|███████████████████████████████████████████████████████████████████████████████████████████████████| 15/15 [00:00<00:00, 132.43it/s, loss=0.935]
Epoch 70: 100%|███████████████████████████████████████████████████████████████████████████████████████████████████| 15/15 [00:00<00:00, 107.79it/s, loss=0.934]
Epoch 71: 100%|███████████████████████████████████████████████████████████████████████████████████████████████████| 15/15 [00:00<00:00, 130.40it/s, loss=0.927]
Epoch 72: 100%|███████████████████████████████████████████████████████████████████████████████████████████████████| 15/15 [00:00<00:00, 142.39it/s, loss=0.937]
Epoch 73: 100%|███████████████████████████████████████████████████████████████████████████████████████████████████| 15/15 [00:00<00:00, 146.01it/s, loss=0.932]
Epoch 74: 100%|████████████████████████████████████████████████████████████████████████████████████████████████████| 15/15 [00:00<00:00, 145.18it/s, loss=0.93]
Epoch 75: 100%|███████████████████████████████████████████████████████████████████████████████████████████████████| 15/15 [00:00<00:00, 137.43it/s, loss=0.926]
Epoch 76: 100%|███████████████████████████████████████████████████████████████████████████████████████████████████| 15/15 [00:00<00:00, 143.74it/s, loss=0.914]
Epoch 77: 100%|████████████████████████████████████████████████████████████████████████████████████████████████████| 15/15 [00:00<00:00, 141.45it/s, loss=0.91]
Epoch 78: 100%|███████████████████████████████████████████████████████████████████████████████████████████████████| 15/15 [00:00<00:00, 143.30it/s, loss=0.927]
Epoch 79: 100%|███████████████████████████████████████████████████████████████████████████████████████████████████| 15/15 [00:00<00:00, 141.77it/s, loss=0.927]
Epoch 80: 100%|███████████████████████████████████████████████████████████████████████████████████████████████████| 15/15 [00:00<00:00, 134.05it/s, loss=0.926]
Epoch 81: 100%|███████████████████████████████████████████████████████████████████████████████████████████████████| 15/15 [00:00<00:00, 132.30it/s, loss=0.931]
Epoch 82: 100%|███████████████████████████████████████████████████████████████████████████████████████████████████| 15/15 [00:00<00:00, 133.58it/s, loss=0.937]
Epoch 83: 100%|████████████████████████████████████████████████████████████████████████████████████████████████████| 15/15 [00:00<00:00, 114.47it/s, loss=0.94]
Epoch 84: 100%|███████████████████████████████████████████████████████████████████████████████████████████████████| 15/15 [00:00<00:00, 132.59it/s, loss=0.937]
Epoch 85: 100%|███████████████████████████████████████████████████████████████████████████████████████████████████| 15/15 [00:00<00:00, 128.86it/s, loss=0.927]
Epoch 86: 100%|████████████████████████████████████████████████████████████████████████████████████████████████████| 15/15 [00:00<00:00, 120.50it/s, loss=0.93]
Epoch 87: 100%|███████████████████████████████████████████████████████████████████████████████████████████████████| 15/15 [00:00<00:00, 125.66it/s, loss=0.921]
Epoch 88: 100%|███████████████████████████████████████████████████████████████████████████████████████████████████| 15/15 [00:00<00:00, 117.39it/s, loss=0.927]
Epoch 89: 100%|███████████████████████████████████████████████████████████████████████████████████████████████████| 15/15 [00:00<00:00, 136.57it/s, loss=0.933]
Epoch 90: 100%|███████████████████████████████████████████████████████████████████████████████████████████████████| 15/15 [00:00<00:00, 126.70it/s, loss=0.926]
Epoch 91: 100%|███████████████████████████████████████████████████████████████████████████████████████████████████| 15/15 [00:00<00:00, 131.31it/s, loss=0.932]
Epoch 92: 100%|███████████████████████████████████████████████████████████████████████████████████████████████████| 15/15 [00:00<00:00, 138.55it/s, loss=0.935]
Epoch 93: 100%|███████████████████████████████████████████████████████████████████████████████████████████████████| 15/15 [00:00<00:00, 144.02it/s, loss=0.939]
Epoch 94: 100%|████████████████████████████████████████████████████████████████████████████████████████████████████| 15/15 [00:00<00:00, 135.22it/s, loss=0.93]
Epoch 95: 100%|███████████████████████████████████████████████████████████████████████████████████████████████████| 15/15 [00:00<00:00, 153.01it/s, loss=0.936]
Epoch 96: 100%|███████████████████████████████████████████████████████████████████████████████████████████████████| 15/15 [00:00<00:00, 101.42it/s, loss=0.939]
Epoch 97: 100%|███████████████████████████████████████████████████████████████████████████████████████████████████| 15/15 [00:00<00:00, 130.97it/s, loss=0.944]
Epoch 98: 100%|███████████████████████████████████████████████████████████████████████████████████████████████████| 15/15 [00:00<00:00, 142.15it/s, loss=0.932]
Epoch 99: 100%|███████████████████████████████████████████████████████████████████████████████████████████████████| 15/15 [00:00<00:00, 139.42it/s, loss=0.914]
Traceback (most recent call last):
  File "C:\Users\franc\Documents\ideas\TEBench\.conda\DOTE\dote.py", line 266, in <module>
    wandb.plot.line(y=epoch_train_loss, x=list(range(len(epoch_train_loss))))
TypeError: line() missing 1 required positional argument: 'table'