2024-04-18 17:22:25,895 INFO    MainThread:1600 [wandb_setup.py:_flush():76] Current SDK version is 0.16.6
2024-04-18 17:22:25,895 INFO    MainThread:1600 [wandb_setup.py:_flush():76] Configure stats pid to 1600
2024-04-18 17:22:25,895 INFO    MainThread:1600 [wandb_setup.py:_flush():76] Loading settings from C:\Users\franc\.config\wandb\settings
2024-04-18 17:22:25,895 INFO    MainThread:1600 [wandb_setup.py:_flush():76] Loading settings from C:\Users\franc\Documents\ideas\TEBench\.conda\DOTE\networking_envs\data\B4\wandb\settings
2024-04-18 17:22:25,895 INFO    MainThread:1600 [wandb_setup.py:_flush():76] Loading settings from environment variables: {}
2024-04-18 17:22:25,895 INFO    MainThread:1600 [wandb_setup.py:_flush():76] Applying setup settings: {'_disable_service': False}
2024-04-18 17:22:25,896 INFO    MainThread:1600 [wandb_setup.py:_flush():76] Inferring run settings from compute environment: {'program_relpath': '..\\..\\..\\dote.py', 'program_abspath': 'C:\\Users\\franc\\Documents\\ideas\\TEBench\\.conda\\DOTE\\dote.py', 'program': 'C:\\Users\\franc\\Documents\\ideas\\TEBench\\.conda\\DOTE\\dote.py'}
2024-04-18 17:22:25,896 INFO    MainThread:1600 [wandb_setup.py:_flush():76] Applying login settings: {}
2024-04-18 17:22:25,896 INFO    MainThread:1600 [wandb_init.py:_log_setup():521] Logging user logs to C:\Users\franc\Documents\ideas\TEBench\.conda\DOTE\networking_envs\data\B4\wandb\run-20240418_172225-fyfmbvwj\logs\debug.log
2024-04-18 17:22:25,896 INFO    MainThread:1600 [wandb_init.py:_log_setup():522] Logging internal logs to C:\Users\franc\Documents\ideas\TEBench\.conda\DOTE\networking_envs\data\B4\wandb\run-20240418_172225-fyfmbvwj\logs\debug-internal.log
2024-04-18 17:22:25,896 INFO    MainThread:1600 [wandb_init.py:init():561] calling init triggers
2024-04-18 17:22:25,896 INFO    MainThread:1600 [wandb_init.py:init():568] wandb.init called with sweep_config: {}
config: {}
2024-04-18 17:22:25,897 INFO    MainThread:1600 [wandb_init.py:init():611] starting backend
2024-04-18 17:22:25,897 INFO    MainThread:1600 [wandb_init.py:init():615] setting up manager
2024-04-18 17:22:25,902 INFO    MainThread:1600 [backend.py:_multiprocessing_setup():105] multiprocessing start_methods=spawn, using: spawn
2024-04-18 17:22:25,903 INFO    MainThread:1600 [wandb_init.py:init():623] backend started and connected
2024-04-18 17:22:25,915 INFO    MainThread:1600 [wandb_init.py:init():715] updated telemetry
2024-04-18 17:22:25,915 INFO    MainThread:1600 [wandb_init.py:init():748] communicating run to backend with 90.0 second timeout
2024-04-18 17:22:26,682 INFO    MainThread:1600 [wandb_run.py:_on_init():2357] communicating current version
2024-04-18 17:22:27,313 INFO    MainThread:1600 [wandb_run.py:_on_init():2366] got version response 
2024-04-18 17:22:27,313 INFO    MainThread:1600 [wandb_init.py:init():799] starting run threads in backend
2024-04-18 17:22:28,372 INFO    MainThread:1600 [wandb_run.py:_console_start():2335] atexit reg
2024-04-18 17:22:28,372 INFO    MainThread:1600 [wandb_run.py:_redirect():2190] redirect: wrap_raw
2024-04-18 17:22:28,372 INFO    MainThread:1600 [wandb_run.py:_redirect():2255] Wrapping output streams.
2024-04-18 17:22:28,373 INFO    MainThread:1600 [wandb_run.py:_redirect():2280] Redirects installed.
2024-04-18 17:22:28,373 INFO    MainThread:1600 [wandb_init.py:init():842] run started, returning control to user process
2024-04-18 17:22:48,479 WARNING MsgRouterThr:1600 [router.py:message_loop():77] message_loop has been closed
